<html xmlns:math="http://exslt.org/math" xmlns:testng="http://testng.org">
   <head>
      <title>TestNG Results</title>
      <meta http-equiv="content-type" content="text/html; charset=utf-8"></meta>
      <meta http-equiv="pragma" content="no-cache"></meta>
      <meta http-equiv="cache-control" content="max-age=0"></meta>
      <meta http-equiv="cache-control" content="no-cache"></meta>
      <meta http-equiv="cache-control" content="no-store"></meta>
      <LINK rel="stylesheet" href="style.css"></LINK>
      <script type="text/javascript" src="main.js"></script>
   </head>
   <body>
      <table width="100%" style="font-size: 16px; margin-bottom: 10px;" cellspacing="1">
         <tr>
            <td width="100%">
               All methods in suite
               
               <b>Suite</b>
            </td>
            <td style="background-color: #FFBBBB; padding: 3px 3px 3px 0;" align="center">
               <div style="width: 50px;">1</div>
            </td>
            <td style="background-color: lightgreen; padding: 3px 3px 3px 0;" align="center">
               <div style="width: 50px;">4</div>
            </td>
            <td style="background-color: #FFFFBB; padding: 3px 3px 3px 0;" align="center">
               <div style="width: 50px;">0</div>
            </td>
            <td align="center" style="background-color: #eaf0f7; padding: 3px 3px 3px 0;">
               <div style="width: 50px;">5</div>
            </td>
            <td align="center"
                style="font-weight: bold; background-color: #eaf0f7; padding: 3px 3px 3px 0;">
               <div style="width: 50px;">80%</div>
            </td>
            <td style="background-color: #eaf0f7; padding: 3px 3px 3px 0;" align="center"
                nowrap="true">1m
               26s
               
            </td>
         </tr>
      </table>
      <div style="width: 200px;">
         <label for="groupMethodsCheckBox" style="font-weight: bold; margin: 0;">
            <input id="groupMethodsCheckBox" type="checkbox" onclick="switchTestMethodsView(this)"
                   checked=""></input>
            Group by class
            
         </label>
         <br></br>
         <label for="methodsFilter_ALL" style="font-weight: bold; margin: 0;">
            <input id="methodsFilter_ALL" type="checkbox"
                   onclick="testMethodsFilterChanged(this, 'ALL')"
                   checked=""></input>
            All
            
         </label>
      </div>
      <label for="methodsFilter_FAIL" style="margin-left: 20px;">
         <input id="methodsFilter_FAIL" type="checkbox"
                onclick="testMethodsFilterChanged(this, 'FAIL')"
                checked=""></input>
         Failed
         
      </label>
      <label for="methodsFilter_PASS">
         <input id="methodsFilter_PASS" type="checkbox"
                onclick="testMethodsFilterChanged(this, 'PASS')"
                checked=""></input>
         Passed
         
      </label>
      <label for="methodsFilter_SKIP">
         <input id="methodsFilter_SKIP" type="checkbox"
                onclick="testMethodsFilterChanged(this, 'SKIP')"
                checked=""></input>
         Skipped
         
      </label>
      <label for="methodsFilter_CONF">
         <input id="methodsFilter_CONF" type="checkbox"
                onclick="testMethodsFilterChanged(this, 'CONF')"
                checked=""></input>
         Config
         
      </label>
      <br></br>
      <div id="testMethodsByStatus" style="display: none;">
         <table class="testMethodsTable" cellpadding="0" cellspacing="0">
            <tr class="methodsTableHeader">
               <td width="100%">Name</td>
               <td nowrap="true">Started</td>
               <td nowrap="true">Duration</td>
               <td>Exception</td>
            </tr>
            <tr id="scripts.SignUPpopup_SignUp_byStatus_failed_FAIL1_row"
                class="testMethodStatusFAIL">
               <td width="100%" class="firstMethodCell">
                  <a onclick="toggleDetailsVisibility('scripts.SignUPpopup_SignUp_byStatus_failed_FAIL1_details')">SignUp()</a>
               </td>
               <td nowrap="true">16:01:09</td>
               <td nowrap="true" align="right">13s
                  
               </td>
               <td nowrap="true">
                  <a onclick="toggleDetailsVisibility('scripts.SignUPpopup_SignUp_byStatus_failed_FAIL1_exception')">org.openqa.selenium.TimeoutException: 
                     Expected condition failed: waiting for alert to be present (tried for 10 second(s) with 500 MILLISECONDS interval)
                     Build info: version: '3.9.1', revision: '63f7b50', time: '2018-02-07T22:25:02.294Z'
                     System info: host: 'DESKTOP-L3RI81U', ip: '192.168.0.112', os.name: 'Windows 10', os.arch: 'amd64', os.version: '10.0', java.version:
                     '1.8.0_161'
                     Driver info: org.openqa.selenium.firefox.FirefoxDriver
                     Capabilities {acceptInsecureCerts: true, browserName: firefox, browserVersion: 54.0, javascriptEnabled: true, moz:accessibilityChecks:
                     false, moz:processID: 6776, moz:profile: C:\Users\OPTIME~1\AppData\L..., pageLoadStrategy: normal, platform: XP, platformName:
                     XP, platformVersion: 10.0, rotatable: false, specificationLevel: 0, timeouts: {implicit: 0, pageLoad: 300000, script: 30000}}
                     Session ID: 6dffde58-9480-4aac-aed0-c9fbd20d421f
                     
                  </a>
                   
                  
               </td>
            </tr>
            <tr>
               <td colspan="4" class="detailsBox">
                  <div id="scripts.SignUPpopup_SignUp_byStatus_failed_FAIL1_details"
                       class="testMethodDetails">
                     <div>
                        <b>Name: </b>SignUp
                     </div>
                     <div>
                        <b>Signature: </b>SignUp()[pri:0, instance:scripts.SignUPpopup@6fd02e5]
                     </div>
                     <div>
                        <b>Start time: </b>16:01:09
                     </div>
                     <div>
                        <b>End time: </b>16:01:22
                     </div>
                     <div>
                        <b>Duration: </b>13s
                        
                     </div>
                  </div>
               </td>
            </tr>
            <tr>
               <td colspan="4" class="detailsBox">
                  <div id="scripts.SignUPpopup_SignUp_byStatus_failed_FAIL1_exception"
                       class="testMethodDetails">
                     <pre style="padding: 5px; margin: 0;">org.openqa.selenium.TimeoutException: Expected condition failed: waiting for alert to be present (tried for 10 second(s) with
                        500 MILLISECONDS interval)
                        Build info: version: '3.9.1', revision: '63f7b50', time: '2018-02-07T22:25:02.294Z'
                        System info: host: 'DESKTOP-L3RI81U', ip: '192.168.0.112', os.name: 'Windows 10', os.arch: 'amd64', os.version: '10.0', java.version:
                        '1.8.0_161'
                        Driver info: org.openqa.selenium.firefox.FirefoxDriver
                        Capabilities {acceptInsecureCerts: true, browserName: firefox, browserVersion: 54.0, javascriptEnabled: true, moz:accessibilityChecks:
                        false, moz:processID: 6776, moz:profile: C:\Users\OPTIME~1\AppData\L..., pageLoadStrategy: normal, platform: XP, platformName:
                        XP, platformVersion: 10.0, rotatable: false, specificationLevel: 0, timeouts: {implicit: 0, pageLoad: 300000, script: 30000}}
                        Session ID: 6dffde58-9480-4aac-aed0-c9fbd20d421f
                        at org.openqa.selenium.support.ui.WebDriverWait.timeoutException(WebDriverWait.java:82)
                        at org.openqa.selenium.support.ui.FluentWait.until(FluentWait.java:231)
                        at generic.Base_Page.popmesg(Base_Page.java:59)
                        at scripts.SignUPpopup.SignUp(SignUPpopup.java:28)
                        at sun.reflect.NativeMethodAccessorImpl.invoke0(Native Method)
                        at sun.reflect.NativeMethodAccessorImpl.invoke(Unknown Source)
                        at sun.reflect.DelegatingMethodAccessorImpl.invoke(Unknown Source)
                        at java.lang.reflect.Method.invoke(Unknown Source)
                        at org.testng.internal.MethodInvocationHelper.invokeMethod(MethodInvocationHelper.java:124)
                        at org.testng.internal.Invoker.invokeMethod(Invoker.java:580)
                        at org.testng.internal.Invoker.invokeTestMethod(Invoker.java:716)
                        at org.testng.internal.Invoker.invokeTestMethods(Invoker.java:988)
                        at org.testng.internal.TestMethodWorker.invokeTestMethods(TestMethodWorker.java:125)
                        at org.testng.internal.TestMethodWorker.run(TestMethodWorker.java:109)
                        at org.testng.TestRunner.privateRun(TestRunner.java:648)
                        at org.testng.TestRunner.run(TestRunner.java:505)
                        at org.testng.SuiteRunner.runTest(SuiteRunner.java:455)
                        at org.testng.SuiteRunner.runSequentially(SuiteRunner.java:450)
                        at org.testng.SuiteRunner.privateRun(SuiteRunner.java:415)
                        at org.testng.SuiteRunner.run(SuiteRunner.java:364)
                        at org.testng.SuiteRunnerWorker.runSuite(SuiteRunnerWorker.java:52)
                        at org.testng.SuiteRunnerWorker.run(SuiteRunnerWorker.java:84)
                        at org.testng.TestNG.runSuitesSequentially(TestNG.java:1208)
                        at org.testng.TestNG.runSuitesLocally(TestNG.java:1137)
                        at org.testng.TestNG.runSuites(TestNG.java:1049)
                        at org.testng.TestNG.run(TestNG.java:1017)
                        at org.testng.remote.AbstractRemoteTestNG.run(AbstractRemoteTestNG.java:114)
                        at org.testng.remote.RemoteTestNG.initAndRun(RemoteTestNG.java:251)
                        at org.testng.remote.RemoteTestNG.main(RemoteTestNG.java:77)
                     </pre>
                  </div>
               </td>
            </tr>
            <tr id="scripts.ValidLoginLogout_openApplication_byStatus_passed_PASS1_row"
                class="testMethodStatusPASS testMethodStatusCONF">
               <td width="100%" class="firstMethodCell">
                  <a onclick="toggleDetailsVisibility('scripts.ValidLoginLogout_openApplication_byStatus_passed_PASS1_details')">openApplication()</a>
               </td>
               <td nowrap="true">16:00:11</td>
               <td nowrap="true" align="right">9s
                  
               </td>
               <td nowrap="true">
                   
                  
               </td>
            </tr>
            <tr>
               <td colspan="4" class="detailsBox">
                  <div id="scripts.ValidLoginLogout_openApplication_byStatus_passed_PASS1_details"
                       class="testMethodDetails">
                     <div>
                        <b>Name: </b>openApplication
                     </div>
                     <div>
                        <b>Signature: </b>openApplication()[pri:0, instance:scripts.ValidLoginLogout@5bcab519]
                     </div>
                     <div>
                        <b>Start time: </b>16:00:11
                     </div>
                     <div>
                        <b>End time: </b>16:00:21
                     </div>
                     <div>
                        <b>Duration: </b>9s
                        
                     </div>
                  </div>
               </td>
            </tr>
            <tr></tr>
            <tr id="scripts.ValidLoginLogout_LoginTest_byStatus_passed_PASS2_row"
                class="testMethodStatusPASS">
               <td width="100%" class="firstMethodCell">
                  <a onclick="toggleDetailsVisibility('scripts.ValidLoginLogout_LoginTest_byStatus_passed_PASS2_details')">LoginTest()</a>
               </td>
               <td nowrap="true">16:00:21</td>
               <td nowrap="true" align="right">2s
                  
               </td>
               <td nowrap="true">
                   
                  
               </td>
            </tr>
            <tr>
               <td colspan="4" class="detailsBox">
                  <div id="scripts.ValidLoginLogout_LoginTest_byStatus_passed_PASS2_details"
                       class="testMethodDetails">
                     <div>
                        <b>Name: </b>LoginTest
                     </div>
                     <div>
                        <b>Signature: </b>LoginTest()[pri:0, instance:scripts.ValidLoginLogout@5bcab519]
                     </div>
                     <div>
                        <b>Start time: </b>16:00:21
                     </div>
                     <div>
                        <b>End time: </b>16:00:23
                     </div>
                     <div>
                        <b>Duration: </b>2s
                        
                     </div>
                  </div>
               </td>
            </tr>
            <tr></tr>
            <tr id="scripts.ValidLoginLogout_closeApp_byStatus_passed_PASS3_row"
                class="testMethodStatusPASS testMethodStatusCONF">
               <td width="100%" class="firstMethodCell">
                  <a onclick="toggleDetailsVisibility('scripts.ValidLoginLogout_closeApp_byStatus_passed_PASS3_details')">closeApp()</a>
               </td>
               <td nowrap="true">16:00:23</td>
               <td nowrap="true" align="right">550 ms
                  
               </td>
               <td nowrap="true">
                   
                  
               </td>
            </tr>
            <tr>
               <td colspan="4" class="detailsBox">
                  <div id="scripts.ValidLoginLogout_closeApp_byStatus_passed_PASS3_details"
                       class="testMethodDetails">
                     <div>
                        <b>Name: </b>closeApp
                     </div>
                     <div>
                        <b>Signature: </b>closeApp()[pri:0, instance:scripts.ValidLoginLogout@5bcab519]
                     </div>
                     <div>
                        <b>Start time: </b>16:00:23
                     </div>
                     <div>
                        <b>End time: </b>16:00:24
                     </div>
                     <div>
                        <b>Duration: </b>550 ms
                        
                     </div>
                  </div>
               </td>
            </tr>
            <tr></tr>
            <tr id="scripts.ForgotPasswordTest_openApplication_byStatus_passed_PASS4_row"
                class="testMethodStatusPASS testMethodStatusCONF">
               <td width="100%" class="firstMethodCell">
                  <a onclick="toggleDetailsVisibility('scripts.ForgotPasswordTest_openApplication_byStatus_passed_PASS4_details')">openApplication()</a>
               </td>
               <td nowrap="true">16:00:44</td>
               <td nowrap="true" align="right">9s
                  
               </td>
               <td nowrap="true">
                   
                  
               </td>
            </tr>
            <tr>
               <td colspan="4" class="detailsBox">
                  <div id="scripts.ForgotPasswordTest_openApplication_byStatus_passed_PASS4_details"
                       class="testMethodDetails">
                     <div>
                        <b>Name: </b>openApplication
                     </div>
                     <div>
                        <b>Signature: </b>openApplication()[pri:0, instance:scripts.ForgotPasswordTest@e45f292]
                     </div>
                     <div>
                        <b>Start time: </b>16:00:44
                     </div>
                     <div>
                        <b>End time: </b>16:00:54
                     </div>
                     <div>
                        <b>Duration: </b>9s
                        
                     </div>
                  </div>
               </td>
            </tr>
            <tr></tr>
            <tr id="scripts.ForgotPasswordTest_ForgotPassword_byStatus_passed_PASS5_row"
                class="testMethodStatusPASS">
               <td width="100%" class="firstMethodCell">
                  <a onclick="toggleDetailsVisibility('scripts.ForgotPasswordTest_ForgotPassword_byStatus_passed_PASS5_details')">ForgotPassword()</a>
               </td>
               <td nowrap="true">16:00:54</td>
               <td nowrap="true" align="right">2s
                  
               </td>
               <td nowrap="true">
                   
                  
               </td>
            </tr>
            <tr>
               <td colspan="4" class="detailsBox">
                  <div id="scripts.ForgotPasswordTest_ForgotPassword_byStatus_passed_PASS5_details"
                       class="testMethodDetails">
                     <div>
                        <b>Name: </b>ForgotPassword
                     </div>
                     <div>
                        <b>Signature: </b>ForgotPassword()[pri:0, instance:scripts.ForgotPasswordTest@e45f292]
                     </div>
                     <div>
                        <b>Start time: </b>16:00:54
                     </div>
                     <div>
                        <b>End time: </b>16:00:57
                     </div>
                     <div>
                        <b>Duration: </b>2s
                        
                     </div>
                  </div>
               </td>
            </tr>
            <tr></tr>
            <tr id="scripts.ForgotPasswordTest_closeApp_byStatus_passed_PASS6_row"
                class="testMethodStatusPASS testMethodStatusCONF">
               <td width="100%" class="firstMethodCell">
                  <a onclick="toggleDetailsVisibility('scripts.ForgotPasswordTest_closeApp_byStatus_passed_PASS6_details')">closeApp()</a>
               </td>
               <td nowrap="true">16:00:57</td>
               <td nowrap="true" align="right">383 ms
                  
               </td>
               <td nowrap="true">
                   
                  
               </td>
            </tr>
            <tr>
               <td colspan="4" class="detailsBox">
                  <div id="scripts.ForgotPasswordTest_closeApp_byStatus_passed_PASS6_details"
                       class="testMethodDetails">
                     <div>
                        <b>Name: </b>closeApp
                     </div>
                     <div>
                        <b>Signature: </b>closeApp()[pri:0, instance:scripts.ForgotPasswordTest@e45f292]
                     </div>
                     <div>
                        <b>Start time: </b>16:00:57
                     </div>
                     <div>
                        <b>End time: </b>16:00:57
                     </div>
                     <div>
                        <b>Duration: </b>383 ms
                        
                     </div>
                  </div>
               </td>
            </tr>
            <tr></tr>
            <tr id="scripts.InvalidEmailPopUpmessage_openApplication_byStatus_passed_PASS7_row"
                class="testMethodStatusPASS testMethodStatusCONF">
               <td width="100%" class="firstMethodCell">
                  <a onclick="toggleDetailsVisibility('scripts.InvalidEmailPopUpmessage_openApplication_byStatus_passed_PASS7_details')">openApplication()</a>
               </td>
               <td nowrap="true">15:59:56</td>
               <td nowrap="true" align="right">11s
                  
               </td>
               <td nowrap="true">
                   
                  
               </td>
            </tr>
            <tr>
               <td colspan="4" class="detailsBox">
                  <div id="scripts.InvalidEmailPopUpmessage_openApplication_byStatus_passed_PASS7_details"
                       class="testMethodDetails">
                     <div>
                        <b>Name: </b>openApplication
                     </div>
                     <div>
                        <b>Signature: </b>openApplication()[pri:0, instance:scripts.InvalidEmailPopUpmessage@1ce92674]
                     </div>
                     <div>
                        <b>Start time: </b>15:59:56
                     </div>
                     <div>
                        <b>End time: </b>16:00:08
                     </div>
                     <div>
                        <b>Duration: </b>11s
                        
                     </div>
                  </div>
               </td>
            </tr>
            <tr></tr>
            <tr id="scripts.InvalidEmailPopUpmessage_InvalidEmailPopUptest_byStatus_passed_PASS8_row"
                class="testMethodStatusPASS">
               <td width="100%" class="firstMethodCell">
                  <a onclick="toggleDetailsVisibility('scripts.InvalidEmailPopUpmessage_InvalidEmailPopUptest_byStatus_passed_PASS8_details')">InvalidEmailPopUptest()</a>
               </td>
               <td nowrap="true">16:00:08</td>
               <td nowrap="true" align="right">3s
                  
               </td>
               <td nowrap="true">
                   
                  
               </td>
            </tr>
            <tr>
               <td colspan="4" class="detailsBox">
                  <div id="scripts.InvalidEmailPopUpmessage_InvalidEmailPopUptest_byStatus_passed_PASS8_details"
                       class="testMethodDetails">
                     <div>
                        <b>Name: </b>InvalidEmailPopUptest
                     </div>
                     <div>
                        <b>Signature: </b>InvalidEmailPopUptest()[pri:0, instance:scripts.InvalidEmailPopUpmessage@1ce92674]
                     </div>
                     <div>
                        <b>Start time: </b>16:00:08
                     </div>
                     <div>
                        <b>End time: </b>16:00:11
                     </div>
                     <div>
                        <b>Duration: </b>3s
                        
                     </div>
                  </div>
               </td>
            </tr>
            <tr></tr>
            <tr id="scripts.InvalidEmailPopUpmessage_closeApp_byStatus_passed_PASS9_row"
                class="testMethodStatusPASS testMethodStatusCONF">
               <td width="100%" class="firstMethodCell">
                  <a onclick="toggleDetailsVisibility('scripts.InvalidEmailPopUpmessage_closeApp_byStatus_passed_PASS9_details')">closeApp()</a>
               </td>
               <td nowrap="true">16:00:11</td>
               <td nowrap="true" align="right">443 ms
                  
               </td>
               <td nowrap="true">
                   
                  
               </td>
            </tr>
            <tr>
               <td colspan="4" class="detailsBox">
                  <div id="scripts.InvalidEmailPopUpmessage_closeApp_byStatus_passed_PASS9_details"
                       class="testMethodDetails">
                     <div>
                        <b>Name: </b>closeApp
                     </div>
                     <div>
                        <b>Signature: </b>closeApp()[pri:0, instance:scripts.InvalidEmailPopUpmessage@1ce92674]
                     </div>
                     <div>
                        <b>Start time: </b>16:00:11
                     </div>
                     <div>
                        <b>End time: </b>16:00:11
                     </div>
                     <div>
                        <b>Duration: </b>443 ms
                        
                     </div>
                  </div>
               </td>
            </tr>
            <tr></tr>
            <tr id="scripts.AlreadyRegisteredUserPop_openApplication_byStatus_passed_PASS10_row"
                class="testMethodStatusPASS testMethodStatusCONF">
               <td width="100%" class="firstMethodCell">
                  <a onclick="toggleDetailsVisibility('scripts.AlreadyRegisteredUserPop_openApplication_byStatus_passed_PASS10_details')">openApplication()</a>
               </td>
               <td nowrap="true">16:00:24</td>
               <td nowrap="true" align="right">9s
                  
               </td>
               <td nowrap="true">
                   
                  
               </td>
            </tr>
            <tr>
               <td colspan="4" class="detailsBox">
                  <div id="scripts.AlreadyRegisteredUserPop_openApplication_byStatus_passed_PASS10_details"
                       class="testMethodDetails">
                     <div>
                        <b>Name: </b>openApplication
                     </div>
                     <div>
                        <b>Signature: </b>openApplication()[pri:0, instance:scripts.AlreadyRegisteredUserPop@5700d6b1]
                     </div>
                     <div>
                        <b>Start time: </b>16:00:24
                     </div>
                     <div>
                        <b>End time: </b>16:00:34
                     </div>
                     <div>
                        <b>Duration: </b>9s
                        
                     </div>
                  </div>
               </td>
            </tr>
            <tr></tr>
            <tr id="scripts.AlreadyRegisteredUserPop_SignUp_byStatus_passed_PASS11_row"
                class="testMethodStatusPASS">
               <td width="100%" class="firstMethodCell">
                  <a onclick="toggleDetailsVisibility('scripts.AlreadyRegisteredUserPop_SignUp_byStatus_passed_PASS11_details')">SignUp()</a>
               </td>
               <td nowrap="true">16:00:34</td>
               <td nowrap="true" align="right">10s
                  
               </td>
               <td nowrap="true">
                   
                  
               </td>
            </tr>
            <tr>
               <td colspan="4" class="detailsBox">
                  <div id="scripts.AlreadyRegisteredUserPop_SignUp_byStatus_passed_PASS11_details"
                       class="testMethodDetails">
                     <div>
                        <b>Name: </b>SignUp
                     </div>
                     <div>
                        <b>Signature: </b>SignUp()[pri:0, instance:scripts.AlreadyRegisteredUserPop@5700d6b1]
                     </div>
                     <div>
                        <b>Start time: </b>16:00:34
                     </div>
                     <div>
                        <b>End time: </b>16:00:44
                     </div>
                     <div>
                        <b>Duration: </b>10s
                        
                     </div>
                  </div>
               </td>
            </tr>
            <tr></tr>
            <tr id="scripts.AlreadyRegisteredUserPop_closeApp_byStatus_passed_PASS12_row"
                class="testMethodStatusPASS testMethodStatusCONF">
               <td width="100%" class="firstMethodCell">
                  <a onclick="toggleDetailsVisibility('scripts.AlreadyRegisteredUserPop_closeApp_byStatus_passed_PASS12_details')">closeApp()</a>
               </td>
               <td nowrap="true">16:00:44</td>
               <td nowrap="true" align="right">495 ms
                  
               </td>
               <td nowrap="true">
                   
                  
               </td>
            </tr>
            <tr>
               <td colspan="4" class="detailsBox">
                  <div id="scripts.AlreadyRegisteredUserPop_closeApp_byStatus_passed_PASS12_details"
                       class="testMethodDetails">
                     <div>
                        <b>Name: </b>closeApp
                     </div>
                     <div>
                        <b>Signature: </b>closeApp()[pri:0, instance:scripts.AlreadyRegisteredUserPop@5700d6b1]
                     </div>
                     <div>
                        <b>Start time: </b>16:00:44
                     </div>
                     <div>
                        <b>End time: </b>16:00:44
                     </div>
                     <div>
                        <b>Duration: </b>495 ms
                        
                     </div>
                  </div>
               </td>
            </tr>
            <tr></tr>
            <tr id="scripts.SignUPpopup_openApplication_byStatus_passed_PASS13_row"
                class="testMethodStatusPASS testMethodStatusCONF">
               <td width="100%" class="firstMethodCell">
                  <a onclick="toggleDetailsVisibility('scripts.SignUPpopup_openApplication_byStatus_passed_PASS13_details')">openApplication()</a>
               </td>
               <td nowrap="true">16:00:57</td>
               <td nowrap="true" align="right">11s
                  
               </td>
               <td nowrap="true">
                   
                  
               </td>
            </tr>
            <tr>
               <td colspan="4" class="detailsBox">
                  <div id="scripts.SignUPpopup_openApplication_byStatus_passed_PASS13_details"
                       class="testMethodDetails">
                     <div>
                        <b>Name: </b>openApplication
                     </div>
                     <div>
                        <b>Signature: </b>openApplication()[pri:0, instance:scripts.SignUPpopup@6fd02e5]
                     </div>
                     <div>
                        <b>Start time: </b>16:00:57
                     </div>
                     <div>
                        <b>End time: </b>16:01:09
                     </div>
                     <div>
                        <b>Duration: </b>11s
                        
                     </div>
                  </div>
               </td>
            </tr>
            <tr></tr>
            <tr id="scripts.SignUPpopup_closeApp_byStatus_passed_PASS14_row"
                class="testMethodStatusPASS testMethodStatusCONF">
               <td width="100%" class="firstMethodCell">
                  <a onclick="toggleDetailsVisibility('scripts.SignUPpopup_closeApp_byStatus_passed_PASS14_details')">closeApp()</a>
               </td>
               <td nowrap="true">16:01:22</td>
               <td nowrap="true" align="right">373 ms
                  
               </td>
               <td nowrap="true">
                   
                  
               </td>
            </tr>
            <tr>
               <td colspan="4" class="detailsBox">
                  <div id="scripts.SignUPpopup_closeApp_byStatus_passed_PASS14_details"
                       class="testMethodDetails">
                     <div>
                        <b>Name: </b>closeApp
                     </div>
                     <div>
                        <b>Signature: </b>closeApp()[pri:0, instance:scripts.SignUPpopup@6fd02e5]
                     </div>
                     <div>
                        <b>Start time: </b>16:01:22
                     </div>
                     <div>
                        <b>End time: </b>16:01:22
                     </div>
                     <div>
                        <b>Duration: </b>373 ms
                        
                     </div>
                  </div>
               </td>
            </tr>
            <tr></tr>
         </table>
      </div>
      <div id="testMethodsByClass">
         <table class="testMethodsTable" cellpadding="0" cellspacing="0">
            <tr>
               <td colspan="4">
                  <h3 style="display: inline;">scripts.AlreadyRegisteredUserPop</h3>
               </td>
            </tr>
            <tr class="methodsTableHeader">
               <td width="100%">Name</td>
               <td nowrap="true">Started</td>
               <td nowrap="true">Duration</td>
               <td>Exception</td>
            </tr>
            <tr id="scripts.AlreadyRegisteredUserPop_openApplication_byClass_PASS1_row"
                class="testMethodStatusPASS testMethodStatusCONF">
               <td width="100%" class="firstMethodCell">
                  <a onclick="toggleDetailsVisibility('scripts.AlreadyRegisteredUserPop_openApplication_byClass_PASS1_details')">openApplication()</a>
               </td>
               <td nowrap="true">16:00:24</td>
               <td nowrap="true" align="right">9s
                  
               </td>
               <td nowrap="true">
                   
                  
               </td>
            </tr>
            <tr>
               <td colspan="4" class="detailsBox">
                  <div id="scripts.AlreadyRegisteredUserPop_openApplication_byClass_PASS1_details"
                       class="testMethodDetails">
                     <div>
                        <b>Name: </b>openApplication
                     </div>
                     <div>
                        <b>Signature: </b>openApplication()[pri:0, instance:scripts.AlreadyRegisteredUserPop@5700d6b1]
                     </div>
                     <div>
                        <b>Start time: </b>16:00:24
                     </div>
                     <div>
                        <b>End time: </b>16:00:34
                     </div>
                     <div>
                        <b>Duration: </b>9s
                        
                     </div>
                  </div>
               </td>
            </tr>
            <tr></tr>
            <tr id="scripts.AlreadyRegisteredUserPop_SignUp_byClass_PASS2_row"
                class="testMethodStatusPASS">
               <td width="100%" class="firstMethodCell">
                  <a onclick="toggleDetailsVisibility('scripts.AlreadyRegisteredUserPop_SignUp_byClass_PASS2_details')">SignUp()</a>
               </td>
               <td nowrap="true">16:00:34</td>
               <td nowrap="true" align="right">10s
                  
               </td>
               <td nowrap="true">
                   
                  
               </td>
            </tr>
            <tr>
               <td colspan="4" class="detailsBox">
                  <div id="scripts.AlreadyRegisteredUserPop_SignUp_byClass_PASS2_details"
                       class="testMethodDetails">
                     <div>
                        <b>Name: </b>SignUp
                     </div>
                     <div>
                        <b>Signature: </b>SignUp()[pri:0, instance:scripts.AlreadyRegisteredUserPop@5700d6b1]
                     </div>
                     <div>
                        <b>Start time: </b>16:00:34
                     </div>
                     <div>
                        <b>End time: </b>16:00:44
                     </div>
                     <div>
                        <b>Duration: </b>10s
                        
                     </div>
                  </div>
               </td>
            </tr>
            <tr></tr>
            <tr id="scripts.AlreadyRegisteredUserPop_closeApp_byClass_PASS3_row"
                class="testMethodStatusPASS testMethodStatusCONF">
               <td width="100%" class="firstMethodCell">
                  <a onclick="toggleDetailsVisibility('scripts.AlreadyRegisteredUserPop_closeApp_byClass_PASS3_details')">closeApp()</a>
               </td>
               <td nowrap="true">16:00:44</td>
               <td nowrap="true" align="right">495 ms
                  
               </td>
               <td nowrap="true">
                   
                  
               </td>
            </tr>
            <tr>
               <td colspan="4" class="detailsBox">
                  <div id="scripts.AlreadyRegisteredUserPop_closeApp_byClass_PASS3_details"
                       class="testMethodDetails">
                     <div>
                        <b>Name: </b>closeApp
                     </div>
                     <div>
                        <b>Signature: </b>closeApp()[pri:0, instance:scripts.AlreadyRegisteredUserPop@5700d6b1]
                     </div>
                     <div>
                        <b>Start time: </b>16:00:44
                     </div>
                     <div>
                        <b>End time: </b>16:00:44
                     </div>
                     <div>
                        <b>Duration: </b>495 ms
                        
                     </div>
                  </div>
               </td>
            </tr>
            <tr></tr>
         </table>
         <br></br>
         <table class="testMethodsTable" cellpadding="0" cellspacing="0">
            <tr>
               <td colspan="4">
                  <h3 style="display: inline;">scripts.ForgotPasswordTest</h3>
               </td>
            </tr>
            <tr class="methodsTableHeader">
               <td width="100%">Name</td>
               <td nowrap="true">Started</td>
               <td nowrap="true">Duration</td>
               <td>Exception</td>
            </tr>
            <tr id="scripts.ForgotPasswordTest_openApplication_byClass_PASS1_row"
                class="testMethodStatusPASS testMethodStatusCONF">
               <td width="100%" class="firstMethodCell">
                  <a onclick="toggleDetailsVisibility('scripts.ForgotPasswordTest_openApplication_byClass_PASS1_details')">openApplication()</a>
               </td>
               <td nowrap="true">16:00:44</td>
               <td nowrap="true" align="right">9s
                  
               </td>
               <td nowrap="true">
                   
                  
               </td>
            </tr>
            <tr>
               <td colspan="4" class="detailsBox">
                  <div id="scripts.ForgotPasswordTest_openApplication_byClass_PASS1_details"
                       class="testMethodDetails">
                     <div>
                        <b>Name: </b>openApplication
                     </div>
                     <div>
                        <b>Signature: </b>openApplication()[pri:0, instance:scripts.ForgotPasswordTest@e45f292]
                     </div>
                     <div>
                        <b>Start time: </b>16:00:44
                     </div>
                     <div>
                        <b>End time: </b>16:00:54
                     </div>
                     <div>
                        <b>Duration: </b>9s
                        
                     </div>
                  </div>
               </td>
            </tr>
            <tr></tr>
            <tr id="scripts.ForgotPasswordTest_ForgotPassword_byClass_PASS2_row"
                class="testMethodStatusPASS">
               <td width="100%" class="firstMethodCell">
                  <a onclick="toggleDetailsVisibility('scripts.ForgotPasswordTest_ForgotPassword_byClass_PASS2_details')">ForgotPassword()</a>
               </td>
               <td nowrap="true">16:00:54</td>
               <td nowrap="true" align="right">2s
                  
               </td>
               <td nowrap="true">
                   
                  
               </td>
            </tr>
            <tr>
               <td colspan="4" class="detailsBox">
                  <div id="scripts.ForgotPasswordTest_ForgotPassword_byClass_PASS2_details"
                       class="testMethodDetails">
                     <div>
                        <b>Name: </b>ForgotPassword
                     </div>
                     <div>
                        <b>Signature: </b>ForgotPassword()[pri:0, instance:scripts.ForgotPasswordTest@e45f292]
                     </div>
                     <div>
                        <b>Start time: </b>16:00:54
                     </div>
                     <div>
                        <b>End time: </b>16:00:57
                     </div>
                     <div>
                        <b>Duration: </b>2s
                        
                     </div>
                  </div>
               </td>
            </tr>
            <tr></tr>
            <tr id="scripts.ForgotPasswordTest_closeApp_byClass_PASS3_row"
                class="testMethodStatusPASS testMethodStatusCONF">
               <td width="100%" class="firstMethodCell">
                  <a onclick="toggleDetailsVisibility('scripts.ForgotPasswordTest_closeApp_byClass_PASS3_details')">closeApp()</a>
               </td>
               <td nowrap="true">16:00:57</td>
               <td nowrap="true" align="right">383 ms
                  
               </td>
               <td nowrap="true">
                   
                  
               </td>
            </tr>
            <tr>
               <td colspan="4" class="detailsBox">
                  <div id="scripts.ForgotPasswordTest_closeApp_byClass_PASS3_details"
                       class="testMethodDetails">
                     <div>
                        <b>Name: </b>closeApp
                     </div>
                     <div>
                        <b>Signature: </b>closeApp()[pri:0, instance:scripts.ForgotPasswordTest@e45f292]
                     </div>
                     <div>
                        <b>Start time: </b>16:00:57
                     </div>
                     <div>
                        <b>End time: </b>16:00:57
                     </div>
                     <div>
                        <b>Duration: </b>383 ms
                        
                     </div>
                  </div>
               </td>
            </tr>
            <tr></tr>
         </table>
         <br></br>
         <table class="testMethodsTable" cellpadding="0" cellspacing="0">
            <tr>
               <td colspan="4">
                  <h3 style="display: inline;">scripts.InvalidEmailPopUpmessage</h3>
               </td>
            </tr>
            <tr class="methodsTableHeader">
               <td width="100%">Name</td>
               <td nowrap="true">Started</td>
               <td nowrap="true">Duration</td>
               <td>Exception</td>
            </tr>
            <tr id="scripts.InvalidEmailPopUpmessage_openApplication_byClass_PASS1_row"
                class="testMethodStatusPASS testMethodStatusCONF">
               <td width="100%" class="firstMethodCell">
                  <a onclick="toggleDetailsVisibility('scripts.InvalidEmailPopUpmessage_openApplication_byClass_PASS1_details')">openApplication()</a>
               </td>
               <td nowrap="true">15:59:56</td>
               <td nowrap="true" align="right">11s
                  
               </td>
               <td nowrap="true">
                   
                  
               </td>
            </tr>
            <tr>
               <td colspan="4" class="detailsBox">
                  <div id="scripts.InvalidEmailPopUpmessage_openApplication_byClass_PASS1_details"
                       class="testMethodDetails">
                     <div>
                        <b>Name: </b>openApplication
                     </div>
                     <div>
                        <b>Signature: </b>openApplication()[pri:0, instance:scripts.InvalidEmailPopUpmessage@1ce92674]
                     </div>
                     <div>
                        <b>Start time: </b>15:59:56
                     </div>
                     <div>
                        <b>End time: </b>16:00:08
                     </div>
                     <div>
                        <b>Duration: </b>11s
                        
                     </div>
                  </div>
               </td>
            </tr>
            <tr></tr>
            <tr id="scripts.InvalidEmailPopUpmessage_InvalidEmailPopUptest_byClass_PASS2_row"
                class="testMethodStatusPASS">
               <td width="100%" class="firstMethodCell">
                  <a onclick="toggleDetailsVisibility('scripts.InvalidEmailPopUpmessage_InvalidEmailPopUptest_byClass_PASS2_details')">InvalidEmailPopUptest()</a>
               </td>
               <td nowrap="true">16:00:08</td>
               <td nowrap="true" align="right">3s
                  
               </td>
               <td nowrap="true">
                   
                  
               </td>
            </tr>
            <tr>
               <td colspan="4" class="detailsBox">
                  <div id="scripts.InvalidEmailPopUpmessage_InvalidEmailPopUptest_byClass_PASS2_details"
                       class="testMethodDetails">
                     <div>
                        <b>Name: </b>InvalidEmailPopUptest
                     </div>
                     <div>
                        <b>Signature: </b>InvalidEmailPopUptest()[pri:0, instance:scripts.InvalidEmailPopUpmessage@1ce92674]
                     </div>
                     <div>
                        <b>Start time: </b>16:00:08
                     </div>
                     <div>
                        <b>End time: </b>16:00:11
                     </div>
                     <div>
                        <b>Duration: </b>3s
                        
                     </div>
                  </div>
               </td>
            </tr>
            <tr></tr>
            <tr id="scripts.InvalidEmailPopUpmessage_closeApp_byClass_PASS3_row"
                class="testMethodStatusPASS testMethodStatusCONF">
               <td width="100%" class="firstMethodCell">
                  <a onclick="toggleDetailsVisibility('scripts.InvalidEmailPopUpmessage_closeApp_byClass_PASS3_details')">closeApp()</a>
               </td>
               <td nowrap="true">16:00:11</td>
               <td nowrap="true" align="right">443 ms
                  
               </td>
               <td nowrap="true">
                   
                  
               </td>
            </tr>
            <tr>
               <td colspan="4" class="detailsBox">
                  <div id="scripts.InvalidEmailPopUpmessage_closeApp_byClass_PASS3_details"
                       class="testMethodDetails">
                     <div>
                        <b>Name: </b>closeApp
                     </div>
                     <div>
                        <b>Signature: </b>closeApp()[pri:0, instance:scripts.InvalidEmailPopUpmessage@1ce92674]
                     </div>
                     <div>
                        <b>Start time: </b>16:00:11
                     </div>
                     <div>
                        <b>End time: </b>16:00:11
                     </div>
                     <div>
                        <b>Duration: </b>443 ms
                        
                     </div>
                  </div>
               </td>
            </tr>
            <tr></tr>
         </table>
         <br></br>
         <table class="testMethodsTable" cellpadding="0" cellspacing="0">
            <tr>
               <td colspan="4">
                  <h3 style="display: inline;">scripts.SignUPpopup</h3>
               </td>
            </tr>
            <tr class="methodsTableHeader">
               <td width="100%">Name</td>
               <td nowrap="true">Started</td>
               <td nowrap="true">Duration</td>
               <td>Exception</td>
            </tr>
            <tr id="scripts.SignUPpopup_openApplication_byClass_PASS1_row"
                class="testMethodStatusPASS testMethodStatusCONF">
               <td width="100%" class="firstMethodCell">
                  <a onclick="toggleDetailsVisibility('scripts.SignUPpopup_openApplication_byClass_PASS1_details')">openApplication()</a>
               </td>
               <td nowrap="true">16:00:57</td>
               <td nowrap="true" align="right">11s
                  
               </td>
               <td nowrap="true">
                   
                  
               </td>
            </tr>
            <tr>
               <td colspan="4" class="detailsBox">
                  <div id="scripts.SignUPpopup_openApplication_byClass_PASS1_details"
                       class="testMethodDetails">
                     <div>
                        <b>Name: </b>openApplication
                     </div>
                     <div>
                        <b>Signature: </b>openApplication()[pri:0, instance:scripts.SignUPpopup@6fd02e5]
                     </div>
                     <div>
                        <b>Start time: </b>16:00:57
                     </div>
                     <div>
                        <b>End time: </b>16:01:09
                     </div>
                     <div>
                        <b>Duration: </b>11s
                        
                     </div>
                  </div>
               </td>
            </tr>
            <tr></tr>
            <tr id="scripts.SignUPpopup_SignUp_byClass_FAIL2_row" class="testMethodStatusFAIL">
               <td width="100%" class="firstMethodCell">
                  <a onclick="toggleDetailsVisibility('scripts.SignUPpopup_SignUp_byClass_FAIL2_details')">SignUp()</a>
               </td>
               <td nowrap="true">16:01:09</td>
               <td nowrap="true" align="right">13s
                  
               </td>
               <td nowrap="true">
                  <a onclick="toggleDetailsVisibility('scripts.SignUPpopup_SignUp_byClass_FAIL2_exception')">org.openqa.selenium.TimeoutException: 
                     Expected condition failed: waiting for alert to be present (tried for 10 second(s) with 500 MILLISECONDS interval)
                     Build info: version: '3.9.1', revision: '63f7b50', time: '2018-02-07T22:25:02.294Z'
                     System info: host: 'DESKTOP-L3RI81U', ip: '192.168.0.112', os.name: 'Windows 10', os.arch: 'amd64', os.version: '10.0', java.version:
                     '1.8.0_161'
                     Driver info: org.openqa.selenium.firefox.FirefoxDriver
                     Capabilities {acceptInsecureCerts: true, browserName: firefox, browserVersion: 54.0, javascriptEnabled: true, moz:accessibilityChecks:
                     false, moz:processID: 6776, moz:profile: C:\Users\OPTIME~1\AppData\L..., pageLoadStrategy: normal, platform: XP, platformName:
                     XP, platformVersion: 10.0, rotatable: false, specificationLevel: 0, timeouts: {implicit: 0, pageLoad: 300000, script: 30000}}
                     Session ID: 6dffde58-9480-4aac-aed0-c9fbd20d421f
                     
                  </a>
                   
                  
               </td>
            </tr>
            <tr>
               <td colspan="4" class="detailsBox">
                  <div id="scripts.SignUPpopup_SignUp_byClass_FAIL2_details" class="testMethodDetails">
                     <div>
                        <b>Name: </b>SignUp
                     </div>
                     <div>
                        <b>Signature: </b>SignUp()[pri:0, instance:scripts.SignUPpopup@6fd02e5]
                     </div>
                     <div>
                        <b>Start time: </b>16:01:09
                     </div>
                     <div>
                        <b>End time: </b>16:01:22
                     </div>
                     <div>
                        <b>Duration: </b>13s
                        
                     </div>
                  </div>
               </td>
            </tr>
            <tr>
               <td colspan="4" class="detailsBox">
                  <div id="scripts.SignUPpopup_SignUp_byClass_FAIL2_exception"
                       class="testMethodDetails">
                     <pre style="padding: 5px; margin: 0;">org.openqa.selenium.TimeoutException: Expected condition failed: waiting for alert to be present (tried for 10 second(s) with
                        500 MILLISECONDS interval)
                        Build info: version: '3.9.1', revision: '63f7b50', time: '2018-02-07T22:25:02.294Z'
                        System info: host: 'DESKTOP-L3RI81U', ip: '192.168.0.112', os.name: 'Windows 10', os.arch: 'amd64', os.version: '10.0', java.version:
                        '1.8.0_161'
                        Driver info: org.openqa.selenium.firefox.FirefoxDriver
                        Capabilities {acceptInsecureCerts: true, browserName: firefox, browserVersion: 54.0, javascriptEnabled: true, moz:accessibilityChecks:
                        false, moz:processID: 6776, moz:profile: C:\Users\OPTIME~1\AppData\L..., pageLoadStrategy: normal, platform: XP, platformName:
                        XP, platformVersion: 10.0, rotatable: false, specificationLevel: 0, timeouts: {implicit: 0, pageLoad: 300000, script: 30000}}
                        Session ID: 6dffde58-9480-4aac-aed0-c9fbd20d421f
                        at org.openqa.selenium.support.ui.WebDriverWait.timeoutException(WebDriverWait.java:82)
                        at org.openqa.selenium.support.ui.FluentWait.until(FluentWait.java:231)
                        at generic.Base_Page.popmesg(Base_Page.java:59)
                        at scripts.SignUPpopup.SignUp(SignUPpopup.java:28)
                        at sun.reflect.NativeMethodAccessorImpl.invoke0(Native Method)
                        at sun.reflect.NativeMethodAccessorImpl.invoke(Unknown Source)
                        at sun.reflect.DelegatingMethodAccessorImpl.invoke(Unknown Source)
                        at java.lang.reflect.Method.invoke(Unknown Source)
                        at org.testng.internal.MethodInvocationHelper.invokeMethod(MethodInvocationHelper.java:124)
                        at org.testng.internal.Invoker.invokeMethod(Invoker.java:580)
                        at org.testng.internal.Invoker.invokeTestMethod(Invoker.java:716)
                        at org.testng.internal.Invoker.invokeTestMethods(Invoker.java:988)
                        at org.testng.internal.TestMethodWorker.invokeTestMethods(TestMethodWorker.java:125)
                        at org.testng.internal.TestMethodWorker.run(TestMethodWorker.java:109)
                        at org.testng.TestRunner.privateRun(TestRunner.java:648)
                        at org.testng.TestRunner.run(TestRunner.java:505)
                        at org.testng.SuiteRunner.runTest(SuiteRunner.java:455)
                        at org.testng.SuiteRunner.runSequentially(SuiteRunner.java:450)
                        at org.testng.SuiteRunner.privateRun(SuiteRunner.java:415)
                        at org.testng.SuiteRunner.run(SuiteRunner.java:364)
                        at org.testng.SuiteRunnerWorker.runSuite(SuiteRunnerWorker.java:52)
                        at org.testng.SuiteRunnerWorker.run(SuiteRunnerWorker.java:84)
                        at org.testng.TestNG.runSuitesSequentially(TestNG.java:1208)
                        at org.testng.TestNG.runSuitesLocally(TestNG.java:1137)
                        at org.testng.TestNG.runSuites(TestNG.java:1049)
                        at org.testng.TestNG.run(TestNG.java:1017)
                        at org.testng.remote.AbstractRemoteTestNG.run(AbstractRemoteTestNG.java:114)
                        at org.testng.remote.RemoteTestNG.initAndRun(RemoteTestNG.java:251)
                        at org.testng.remote.RemoteTestNG.main(RemoteTestNG.java:77)
                     </pre>
                  </div>
               </td>
            </tr>
            <tr id="scripts.SignUPpopup_closeApp_byClass_PASS3_row"
                class="testMethodStatusPASS testMethodStatusCONF">
               <td width="100%" class="firstMethodCell">
                  <a onclick="toggleDetailsVisibility('scripts.SignUPpopup_closeApp_byClass_PASS3_details')">closeApp()</a>
               </td>
               <td nowrap="true">16:01:22</td>
               <td nowrap="true" align="right">373 ms
                  
               </td>
               <td nowrap="true">
                   
                  
               </td>
            </tr>
            <tr>
               <td colspan="4" class="detailsBox">
                  <div id="scripts.SignUPpopup_closeApp_byClass_PASS3_details"
                       class="testMethodDetails">
                     <div>
                        <b>Name: </b>closeApp
                     </div>
                     <div>
                        <b>Signature: </b>closeApp()[pri:0, instance:scripts.SignUPpopup@6fd02e5]
                     </div>
                     <div>
                        <b>Start time: </b>16:01:22
                     </div>
                     <div>
                        <b>End time: </b>16:01:22
                     </div>
                     <div>
                        <b>Duration: </b>373 ms
                        
                     </div>
                  </div>
               </td>
            </tr>
            <tr></tr>
         </table>
         <br></br>
         <table class="testMethodsTable" cellpadding="0" cellspacing="0">
            <tr>
               <td colspan="4">
                  <h3 style="display: inline;">scripts.ValidLoginLogout</h3>
               </td>
            </tr>
            <tr class="methodsTableHeader">
               <td width="100%">Name</td>
               <td nowrap="true">Started</td>
               <td nowrap="true">Duration</td>
               <td>Exception</td>
            </tr>
            <tr id="scripts.ValidLoginLogout_openApplication_byClass_PASS1_row"
                class="testMethodStatusPASS testMethodStatusCONF">
               <td width="100%" class="firstMethodCell">
                  <a onclick="toggleDetailsVisibility('scripts.ValidLoginLogout_openApplication_byClass_PASS1_details')">openApplication()</a>
               </td>
               <td nowrap="true">16:00:11</td>
               <td nowrap="true" align="right">9s
                  
               </td>
               <td nowrap="true">
                   
                  
               </td>
            </tr>
            <tr>
               <td colspan="4" class="detailsBox">
                  <div id="scripts.ValidLoginLogout_openApplication_byClass_PASS1_details"
                       class="testMethodDetails">
                     <div>
                        <b>Name: </b>openApplication
                     </div>
                     <div>
                        <b>Signature: </b>openApplication()[pri:0, instance:scripts.ValidLoginLogout@5bcab519]
                     </div>
                     <div>
                        <b>Start time: </b>16:00:11
                     </div>
                     <div>
                        <b>End time: </b>16:00:21
                     </div>
                     <div>
                        <b>Duration: </b>9s
                        
                     </div>
                  </div>
               </td>
            </tr>
            <tr></tr>
            <tr id="scripts.ValidLoginLogout_LoginTest_byClass_PASS2_row"
                class="testMethodStatusPASS">
               <td width="100%" class="firstMethodCell">
                  <a onclick="toggleDetailsVisibility('scripts.ValidLoginLogout_LoginTest_byClass_PASS2_details')">LoginTest()</a>
               </td>
               <td nowrap="true">16:00:21</td>
               <td nowrap="true" align="right">2s
                  
               </td>
               <td nowrap="true">
                   
                  
               </td>
            </tr>
            <tr>
               <td colspan="4" class="detailsBox">
                  <div id="scripts.ValidLoginLogout_LoginTest_byClass_PASS2_details"
                       class="testMethodDetails">
                     <div>
                        <b>Name: </b>LoginTest
                     </div>
                     <div>
                        <b>Signature: </b>LoginTest()[pri:0, instance:scripts.ValidLoginLogout@5bcab519]
                     </div>
                     <div>
                        <b>Start time: </b>16:00:21
                     </div>
                     <div>
                        <b>End time: </b>16:00:23
                     </div>
                     <div>
                        <b>Duration: </b>2s
                        
                     </div>
                  </div>
               </td>
            </tr>
            <tr></tr>
            <tr id="scripts.ValidLoginLogout_closeApp_byClass_PASS3_row"
                class="testMethodStatusPASS testMethodStatusCONF">
               <td width="100%" class="firstMethodCell">
                  <a onclick="toggleDetailsVisibility('scripts.ValidLoginLogout_closeApp_byClass_PASS3_details')">closeApp()</a>
               </td>
               <td nowrap="true">16:00:23</td>
               <td nowrap="true" align="right">550 ms
                  
               </td>
               <td nowrap="true">
                   
                  
               </td>
            </tr>
            <tr>
               <td colspan="4" class="detailsBox">
                  <div id="scripts.ValidLoginLogout_closeApp_byClass_PASS3_details"
                       class="testMethodDetails">
                     <div>
                        <b>Name: </b>closeApp
                     </div>
                     <div>
                        <b>Signature: </b>closeApp()[pri:0, instance:scripts.ValidLoginLogout@5bcab519]
                     </div>
                     <div>
                        <b>Start time: </b>16:00:23
                     </div>
                     <div>
                        <b>End time: </b>16:00:24
                     </div>
                     <div>
                        <b>Duration: </b>550 ms
                        
                     </div>
                  </div>
               </td>
            </tr>
            <tr></tr>
         </table>
         <br></br>
      </div>
      <div style="margin-top: 15px; color: gray; text-align: center; font-size: 9px;">
         Generated with
         
         <a href="http://code.google.com/p/testng-xslt/" style="color: #8888aa;"
            target="_blank">
            TestNG XSLT
            
         </a>
      </div>
   </body>
</html>