<?xml version="1.0" encoding="UTF-8"?>
<!-- Generated by org.testng.reporters.JUnitXMLReporter -->
<testsuite hostname="DESKTOP-L3RI81U" ignored="0" name="Test" tests="5" failures="0" timestamp="16 Mar 2018 06:35:14 GMT" time="69.866" errors="0">
  <testcase name="@BeforeMethod openApplication" time="23.054" classname="generic.Base_Test">
    <failure type="org.openqa.selenium.WebDriverException" message="Failed to decode response from marionette
Build info: version: &amp;apos;3.9.1&amp;apos;, revision: &amp;apos;63f7b50&amp;apos;, time: &amp;apos;2018-02-07T22:25:02.294Z&amp;apos;
System info: host: &amp;apos;DESKTOP-L3RI81U&amp;apos;, ip: &amp;apos;192.168.1.19&amp;apos;, os.name: &amp;apos;Windows 10&amp;apos;, os.arch: &amp;apos;amd64&amp;apos;, os.version: &amp;apos;10.0&amp;apos;, java.version: &amp;apos;1.8.0_161&amp;apos;
Driver info: org.openqa.selenium.firefox.FirefoxDriver
Capabilities {acceptInsecureCerts: true, browserName: firefox, browserVersion: 54.0, javascriptEnabled: true, moz:accessibilityChecks: false, moz:processID: 7700, moz:profile: C:\Users\OPTIME~1\AppData\L..., pageLoadStrategy: normal, platform: XP, platformName: XP, platformVersion: 10.0, rotatable: false, specificationLevel: 0, timeouts: {implicit: 0, pageLoad: 300000, script: 30000}}
Session ID: de089017-ac01-46e4-aeb2-01df3b8d25df">
      <![CDATA[org.openqa.selenium.WebDriverException: Failed to decode response from marionette
Build info: version: '3.9.1', revision: '63f7b50', time: '2018-02-07T22:25:02.294Z'
System info: host: 'DESKTOP-L3RI81U', ip: '192.168.1.19', os.name: 'Windows 10', os.arch: 'amd64', os.version: '10.0', java.version: '1.8.0_161'
Driver info: org.openqa.selenium.firefox.FirefoxDriver
Capabilities {acceptInsecureCerts: true, browserName: firefox, browserVersion: 54.0, javascriptEnabled: true, moz:accessibilityChecks: false, moz:processID: 7700, moz:profile: C:\Users\OPTIME~1\AppData\L..., pageLoadStrategy: normal, platform: XP, platformName: XP, platformVersion: 10.0, rotatable: false, specificationLevel: 0, timeouts: {implicit: 0, pageLoad: 300000, script: 30000}}
Session ID: de089017-ac01-46e4-aeb2-01df3b8d25df
at org.openqa.selenium.remote.http.W3CHttpResponseCodec.createException(W3CHttpResponseCodec.java:187)
at org.openqa.selenium.remote.http.W3CHttpResponseCodec.decode(W3CHttpResponseCodec.java:122)
at org.openqa.selenium.remote.http.W3CHttpResponseCodec.decode(W3CHttpResponseCodec.java:49)
at org.openqa.selenium.remote.HttpCommandExecutor.execute(HttpCommandExecutor.java:160)
at org.openqa.selenium.remote.service.DriverCommandExecutor.execute(DriverCommandExecutor.java:83)
at org.openqa.selenium.remote.RemoteWebDriver.execute(RemoteWebDriver.java:601)
at org.openqa.selenium.remote.RemoteWebDriver.get(RemoteWebDriver.java:325)
at generic.Base_Test.openApplication(Base_Test.java:16)
... Removed 32 stack frames]]>
    </failure>
  </testcase> <!-- @BeforeMethod openApplication -->
  <testcase name="@AfterMethod closeApp" time="0.0" classname="generic.Base_Test">
    <skipped/>
  </testcase> <!-- @AfterMethod closeApp -->
  <testcase name="@BeforeMethod openApplication" time="0.0" classname="generic.Base_Test">
    <skipped/>
  </testcase> <!-- @BeforeMethod openApplication -->
  <testcase name="@AfterMethod closeApp" time="0.0" classname="generic.Base_Test">
    <skipped/>
  </testcase> <!-- @AfterMethod closeApp -->
  <testcase name="InvalidEmailPopUptest" time="2.645" classname="scripts.InvalidEmailPopUpmessage"/>
  <testcase name="LoginTest" time="2.242" classname="scripts.ValidLoginLogout"/>
  <testcase name="SignUp" time="9.457" classname="scripts.AlreadyRegisteredUserPop"/>
  <testcase name="ForgotPassword" time="0.0" classname="scripts.ForgotPasswordTest">
    <skipped/>
  </testcase> <!-- ForgotPassword -->
  <testcase name="SignUp" time="0.0" classname="scripts.SignUPpopup">
    <skipped/>
  </testcase> <!-- SignUp -->
</testsuite> <!-- Test -->
